CREATE EXTENSION http;
SELECT http_set_curlopt('CURLOPT_TIMEOUT', '60');
 http_set_curlopt 
------------------
 t
(1 row)

SELECT http_set_curlopt('CURLOPT_TCP_KEEPALIVE', '60');
 http_set_curlopt 
------------------
 t
(1 row)

# Status code
SELECT status 
FROM http_get('http://httpbin.org/status/202');
ERROR:  syntax error at or near "#"
LINE 1: # Status code
        ^
# Headers
SELECT * 
FROM (
	SELECT (unnest(headers)).* 
	FROM http_get('http://httpbin.org/response-headers?Abcde=abcde')
) a 
WHERE field = 'Abcde';
ERROR:  syntax error at or near "#"
LINE 1: # Headers
        ^
-- GET
SELECT status, 
content::json->'args' AS args, 
content::json->'url' AS url, 
content::json->'method' AS method 
FROM http_get('http://httpbin.org/anything?foo=bar');
 status |       args       |                  url                  | method 
--------+------------------+---------------------------------------+--------
    200 | {               +| "http://httpbin.org/anything?foo=bar" | "GET"
        |     "foo": "bar"+|                                       | 
        |   }              |                                       | 
(1 row)

-- DELETE
SELECT status, 
content::json->'args' AS args, 
content::json->'url' AS url, 
content::json->'method' AS method 
FROM http_delete('http://httpbin.org/anything?foo=bar');
 status |       args       |                  url                  |  method  
--------+------------------+---------------------------------------+----------
    200 | {               +| "http://httpbin.org/anything?foo=bar" | "DELETE"
        |     "foo": "bar"+|                                       | 
        |   }              |                                       | 
(1 row)

-- PUT
SELECT status, 
content::json->'data' AS data, 
content::json->'args' AS args, 
content::json->'url' AS url, 
content::json->'method' AS method 
FROM http_put('http://httpbin.org/anything?foo=bar','payload','text/plain');
 status |   data    |       args       |                  url                  | method 
--------+-----------+------------------+---------------------------------------+--------
    200 | "payload" | {               +| "http://httpbin.org/anything?foo=bar" | "PUT"
        |           |     "foo": "bar"+|                                       | 
        |           |   }              |                                       | 
(1 row)

-- POST
SELECT status, 
content::json->'data' AS data, 
content::json->'args' AS args, 
content::json->'url' AS url, 
content::json->'method' AS method 
FROM http_post('http://httpbin.org/anything?foo=bar','payload','text/plain');
 status |   data    |       args       |                  url                  | method 
--------+-----------+------------------+---------------------------------------+--------
    200 | "payload" | {               +| "http://httpbin.org/anything?foo=bar" | "POST"
        |           |     "foo": "bar"+|                                       | 
        |           |   }              |                                       | 
(1 row)

-- HEAD
SELECT * 
FROM (
	SELECT (unnest(headers)).* 
	FROM http_head('http://httpbin.org/response-headers?Abcde=abcde')
) a
WHERE field = 'Abcde';
 field | value 
-------+-------
 Abcde | abcde
(1 row)

-- Follow redirect
SELECT status, 
content::json->'args' AS args, 
content::json->'url' AS url 
FROM http_get('http://httpbin.org/redirect-to?url=http%3A%2F%2Fhttpbin%2Eorg%2Fget%3Ffoo%3Dbar');
 status |       args       |               url                
--------+------------------+----------------------------------
    200 | {               +| "http://httpbin.org/get?foo=bar"
        |     "foo": "bar"+| 
        |   }              | 
(1 row)

